{
  "numTotalTestSuites": 18,
  "numPassedTestSuites": 7,
  "numFailedTestSuites": 11,
  "numPendingTestSuites": 0,
  "numTotalTests": 52,
  "numPassedTests": 46,
  "numFailedTests": 6,
  "numPendingTests": 0,
  "numTodoTests": 0,
  "snapshot": {
    "added": 0,
    "failure": false,
    "filesAdded": 0,
    "filesRemoved": 0,
    "filesRemovedList": [],
    "filesUnmatched": 0,
    "filesUpdated": 0,
    "matched": 0,
    "total": 0,
    "unchecked": 0,
    "uncheckedKeysByFile": [],
    "unmatched": 0,
    "updated": 0,
    "didUpdate": false
  },
  "startTime": 1754311517657,
  "success": false,
  "testResults": [
    {
      "assertionResults": [
        {
          "ancestorTitles": ["DSL Rule Evaluation Engine", "equals operation"],
          "fullName": "DSL Rule Evaluation Engine equals operation should return true when context values are equal",
          "status": "passed",
          "title": "should return true when context values are equal",
          "duration": 1.0475420000000213,
          "failureMessages": [],
          "location": { "line": 78, "column": 5 },
          "meta": {}
        },
        {
          "ancestorTitles": ["DSL Rule Evaluation Engine", "equals operation"],
          "fullName": "DSL Rule Evaluation Engine equals operation should return true when record values are equal",
          "status": "passed",
          "title": "should return true when record values are equal",
          "duration": 0.12058300000001054,
          "failureMessages": [],
          "location": { "line": 88, "column": 5 },
          "meta": {}
        },
        {
          "ancestorTitles": ["DSL Rule Evaluation Engine", "equals operation"],
          "fullName": "DSL Rule Evaluation Engine equals operation should return true when context and record values match",
          "status": "passed",
          "title": "should return true when context and record values match",
          "duration": 0.06825000000000614,
          "failureMessages": [],
          "location": { "line": 98, "column": 5 },
          "meta": {}
        },
        {
          "ancestorTitles": ["DSL Rule Evaluation Engine", "equals operation"],
          "fullName": "DSL Rule Evaluation Engine equals operation should return false when values do not match",
          "status": "passed",
          "title": "should return false when values do not match",
          "duration": 0.09008299999999281,
          "failureMessages": [],
          "location": { "line": 108, "column": 5 },
          "meta": {}
        },
        {
          "ancestorTitles": ["DSL Rule Evaluation Engine", "equals operation"],
          "fullName": "DSL Rule Evaluation Engine equals operation should return true when string values match exactly",
          "status": "passed",
          "title": "should return true when string values match exactly",
          "duration": 0.059166000000004715,
          "failureMessages": [],
          "location": { "line": 118, "column": 5 },
          "meta": {}
        },
        {
          "ancestorTitles": ["DSL Rule Evaluation Engine", "equals operation"],
          "fullName": "DSL Rule Evaluation Engine equals operation should return true when number values match",
          "status": "passed",
          "title": "should return true when number values match",
          "duration": 0.06212500000000887,
          "failureMessages": [],
          "location": { "line": 128, "column": 5 },
          "meta": {}
        },
        {
          "ancestorTitles": ["DSL Rule Evaluation Engine", "equals operation"],
          "fullName": "DSL Rule Evaluation Engine equals operation should return true when boolean values match",
          "status": "passed",
          "title": "should return true when boolean values match",
          "duration": 0.06416600000000017,
          "failureMessages": [],
          "location": { "line": 139, "column": 5 },
          "meta": {}
        },
        {
          "ancestorTitles": ["DSL Rule Evaluation Engine", "equals operation"],
          "fullName": "DSL Rule Evaluation Engine equals operation should handle missing context properties",
          "status": "passed",
          "title": "should handle missing context properties",
          "duration": 0.04475000000002183,
          "failureMessages": [],
          "location": { "line": 149, "column": 5 },
          "meta": {}
        },
        {
          "ancestorTitles": ["DSL Rule Evaluation Engine", "equals operation"],
          "fullName": "DSL Rule Evaluation Engine equals operation should handle missing record properties",
          "status": "passed",
          "title": "should handle missing record properties",
          "duration": 0.06741700000000606,
          "failureMessages": [],
          "location": { "line": 159, "column": 5 },
          "meta": {}
        },
        {
          "ancestorTitles": ["DSL Rule Evaluation Engine", "equals operation"],
          "fullName": "DSL Rule Evaluation Engine equals operation should handle mixed missing properties",
          "status": "passed",
          "title": "should handle mixed missing properties",
          "duration": 0.06645800000001145,
          "failureMessages": [],
          "location": { "line": 169, "column": 5 },
          "meta": {}
        },
        {
          "ancestorTitles": ["DSL Rule Evaluation Engine", "equals operation"],
          "fullName": "DSL Rule Evaluation Engine equals operation should handle null record",
          "status": "passed",
          "title": "should handle null record",
          "duration": 0.04745900000000347,
          "failureMessages": [],
          "location": { "line": 179, "column": 5 },
          "meta": {}
        },
        {
          "ancestorTitles": ["DSL Rule Evaluation Engine", "equals operation"],
          "fullName": "DSL Rule Evaluation Engine equals operation should handle comparison with null record property",
          "status": "passed",
          "title": "should handle comparison with null record property",
          "duration": 0.05316700000000196,
          "failureMessages": [],
          "location": { "line": 189, "column": 5 },
          "meta": {}
        },
        {
          "ancestorTitles": ["DSL Rule Evaluation Engine", "and operation"],
          "fullName": "DSL Rule Evaluation Engine and operation should return true when all conditions are true",
          "status": "passed",
          "title": "should return true when all conditions are true",
          "duration": 0.057292000000018106,
          "failureMessages": [],
          "location": { "line": 207, "column": 5 },
          "meta": {}
        },
        {
          "ancestorTitles": ["DSL Rule Evaluation Engine", "and operation"],
          "fullName": "DSL Rule Evaluation Engine and operation should return false when one condition is false",
          "status": "passed",
          "title": "should return false when one condition is false",
          "duration": 0.052833000000021,
          "failureMessages": [],
          "location": { "line": 221, "column": 5 },
          "meta": {}
        },
        {
          "ancestorTitles": ["DSL Rule Evaluation Engine", "and operation"],
          "fullName": "DSL Rule Evaluation Engine and operation should return false when all conditions are false",
          "status": "passed",
          "title": "should return false when all conditions are false",
          "duration": 0.03379200000000537,
          "failureMessages": [],
          "location": { "line": 235, "column": 5 },
          "meta": {}
        },
        {
          "ancestorTitles": ["DSL Rule Evaluation Engine", "and operation"],
          "fullName": "DSL Rule Evaluation Engine and operation should handle empty and array",
          "status": "passed",
          "title": "should handle empty and array",
          "duration": 0.05020799999999781,
          "failureMessages": [],
          "location": { "line": 248, "column": 5 },
          "meta": {}
        },
        {
          "ancestorTitles": ["DSL Rule Evaluation Engine", "and operation"],
          "fullName": "DSL Rule Evaluation Engine and operation should handle single condition in and",
          "status": "passed",
          "title": "should handle single condition in and",
          "duration": 0.044709000000011656,
          "failureMessages": [],
          "location": { "line": 258, "column": 5 },
          "meta": {}
        },
        {
          "ancestorTitles": ["DSL Rule Evaluation Engine", "and operation"],
          "fullName": "DSL Rule Evaluation Engine and operation should handle nested and operations",
          "status": "passed",
          "title": "should handle nested and operations",
          "duration": 0.034958000000017364,
          "failureMessages": [],
          "location": { "line": 268, "column": 5 },
          "meta": {}
        },
        {
          "ancestorTitles": ["DSL Rule Evaluation Engine", "or operation"],
          "fullName": "DSL Rule Evaluation Engine or operation should return true when at least one condition is true",
          "status": "passed",
          "title": "should return true when at least one condition is true",
          "duration": 0.050957999999980075,
          "failureMessages": [],
          "location": { "line": 294, "column": 5 },
          "meta": {}
        },
        {
          "ancestorTitles": ["DSL Rule Evaluation Engine", "or operation"],
          "fullName": "DSL Rule Evaluation Engine or operation should return true when all conditions are true",
          "status": "passed",
          "title": "should return true when all conditions are true",
          "duration": 0.031999999999982265,
          "failureMessages": [],
          "location": { "line": 308, "column": 5 },
          "meta": {}
        },
        {
          "ancestorTitles": ["DSL Rule Evaluation Engine", "or operation"],
          "fullName": "DSL Rule Evaluation Engine or operation should return false when all conditions are false",
          "status": "passed",
          "title": "should return false when all conditions are false",
          "duration": 0.032250000000004775,
          "failureMessages": [],
          "location": { "line": 321, "column": 5 },
          "meta": {}
        },
        {
          "ancestorTitles": ["DSL Rule Evaluation Engine", "or operation"],
          "fullName": "DSL Rule Evaluation Engine or operation should handle empty or array",
          "status": "passed",
          "title": "should handle empty or array",
          "duration": 0.05329199999999901,
          "failureMessages": [],
          "location": { "line": 335, "column": 5 },
          "meta": {}
        },
        {
          "ancestorTitles": ["DSL Rule Evaluation Engine", "or operation"],
          "fullName": "DSL Rule Evaluation Engine or operation should handle single condition in or",
          "status": "passed",
          "title": "should handle single condition in or",
          "duration": 0.032667000000003554,
          "failureMessages": [],
          "location": { "line": 345, "column": 5 },
          "meta": {}
        },
        {
          "ancestorTitles": ["DSL Rule Evaluation Engine", "or operation"],
          "fullName": "DSL Rule Evaluation Engine or operation should handle nested or operations",
          "status": "passed",
          "title": "should handle nested or operations",
          "duration": 0.053749999999979536,
          "failureMessages": [],
          "location": { "line": 355, "column": 5 },
          "meta": {}
        },
        {
          "ancestorTitles": ["DSL Rule Evaluation Engine", "not operation"],
          "fullName": "DSL Rule Evaluation Engine not operation should return false when condition is true",
          "status": "passed",
          "title": "should return false when condition is true",
          "duration": 0.04629099999999653,
          "failureMessages": [],
          "location": { "line": 381, "column": 5 },
          "meta": {}
        },
        {
          "ancestorTitles": ["DSL Rule Evaluation Engine", "not operation"],
          "fullName": "DSL Rule Evaluation Engine not operation should return true when condition is false",
          "status": "failed",
          "title": "should return true when condition is false",
          "duration": 2.066750000000013,
          "failureMessages": [
            "AssertionError: expected false to be true // Object.is equality\n    at /Users/umutcanoner/Documents/Github/zopio_test_fork/packages/auth-rbac/__tests__/evaluate-dsl.test.ts:398:22\n    at file:///Users/umutcanoner/Documents/Github/zopio_test_fork/node_modules/.pnpm/@vitest+runner@3.2.4/node_modules/@vitest/runner/dist/chunk-hooks.js:155:11\n    at file:///Users/umutcanoner/Documents/Github/zopio_test_fork/node_modules/.pnpm/@vitest+runner@3.2.4/node_modules/@vitest/runner/dist/chunk-hooks.js:752:26\n    at file:///Users/umutcanoner/Documents/Github/zopio_test_fork/node_modules/.pnpm/@vitest+runner@3.2.4/node_modules/@vitest/runner/dist/chunk-hooks.js:1897:20\n    at new Promise (<anonymous>)\n    at runWithTimeout (file:///Users/umutcanoner/Documents/Github/zopio_test_fork/node_modules/.pnpm/@vitest+runner@3.2.4/node_modules/@vitest/runner/dist/chunk-hooks.js:1863:10)\n    at runTest (file:///Users/umutcanoner/Documents/Github/zopio_test_fork/node_modules/.pnpm/@vitest+runner@3.2.4/node_modules/@vitest/runner/dist/chunk-hooks.js:1574:12)\n    at processTicksAndRejections (node:internal/process/task_queues:105:5)\n    at runSuite (file:///Users/umutcanoner/Documents/Github/zopio_test_fork/node_modules/.pnpm/@vitest+runner@3.2.4/node_modules/@vitest/runner/dist/chunk-hooks.js:1729:8)\n    at runSuite (file:///Users/umutcanoner/Documents/Github/zopio_test_fork/node_modules/.pnpm/@vitest+runner@3.2.4/node_modules/@vitest/runner/dist/chunk-hooks.js:1729:8)"
          ],
          "location": { "line": 391, "column": 5 },
          "meta": {}
        },
        {
          "ancestorTitles": ["DSL Rule Evaluation Engine", "not operation"],
          "fullName": "DSL Rule Evaluation Engine not operation should handle nested NOT operations",
          "status": "failed",
          "title": "should handle nested NOT operations",
          "duration": 0.3095829999999751,
          "failureMessages": [
            "AssertionError: expected false to be true // Object.is equality\n    at /Users/umutcanoner/Documents/Github/zopio_test_fork/packages/auth-rbac/__tests__/evaluate-dsl.test.ts:410:22\n    at file:///Users/umutcanoner/Documents/Github/zopio_test_fork/node_modules/.pnpm/@vitest+runner@3.2.4/node_modules/@vitest/runner/dist/chunk-hooks.js:155:11\n    at file:///Users/umutcanoner/Documents/Github/zopio_test_fork/node_modules/.pnpm/@vitest+runner@3.2.4/node_modules/@vitest/runner/dist/chunk-hooks.js:752:26\n    at file:///Users/umutcanoner/Documents/Github/zopio_test_fork/node_modules/.pnpm/@vitest+runner@3.2.4/node_modules/@vitest/runner/dist/chunk-hooks.js:1897:20\n    at new Promise (<anonymous>)\n    at runWithTimeout (file:///Users/umutcanoner/Documents/Github/zopio_test_fork/node_modules/.pnpm/@vitest+runner@3.2.4/node_modules/@vitest/runner/dist/chunk-hooks.js:1863:10)\n    at runTest (file:///Users/umutcanoner/Documents/Github/zopio_test_fork/node_modules/.pnpm/@vitest+runner@3.2.4/node_modules/@vitest/runner/dist/chunk-hooks.js:1574:12)\n    at processTicksAndRejections (node:internal/process/task_queues:105:5)\n    at runSuite (file:///Users/umutcanoner/Documents/Github/zopio_test_fork/node_modules/.pnpm/@vitest+runner@3.2.4/node_modules/@vitest/runner/dist/chunk-hooks.js:1729:8)\n    at runSuite (file:///Users/umutcanoner/Documents/Github/zopio_test_fork/node_modules/.pnpm/@vitest+runner@3.2.4/node_modules/@vitest/runner/dist/chunk-hooks.js:1729:8)"
          ],
          "location": { "line": 401, "column": 5 },
          "meta": {}
        },
        {
          "ancestorTitles": ["DSL Rule Evaluation Engine", "not operation"],
          "fullName": "DSL Rule Evaluation Engine not operation should handle NOT with complex nested operations",
          "status": "failed",
          "title": "should handle NOT with complex nested operations",
          "duration": 0.24300000000002342,
          "failureMessages": [
            "AssertionError: expected false to be true // Object.is equality\n    at /Users/umutcanoner/Documents/Github/zopio_test_fork/packages/auth-rbac/__tests__/evaluate-dsl.test.ts:425:22\n    at file:///Users/umutcanoner/Documents/Github/zopio_test_fork/node_modules/.pnpm/@vitest+runner@3.2.4/node_modules/@vitest/runner/dist/chunk-hooks.js:155:11\n    at file:///Users/umutcanoner/Documents/Github/zopio_test_fork/node_modules/.pnpm/@vitest+runner@3.2.4/node_modules/@vitest/runner/dist/chunk-hooks.js:752:26\n    at file:///Users/umutcanoner/Documents/Github/zopio_test_fork/node_modules/.pnpm/@vitest+runner@3.2.4/node_modules/@vitest/runner/dist/chunk-hooks.js:1897:20\n    at new Promise (<anonymous>)\n    at runWithTimeout (file:///Users/umutcanoner/Documents/Github/zopio_test_fork/node_modules/.pnpm/@vitest+runner@3.2.4/node_modules/@vitest/runner/dist/chunk-hooks.js:1863:10)\n    at runTest (file:///Users/umutcanoner/Documents/Github/zopio_test_fork/node_modules/.pnpm/@vitest+runner@3.2.4/node_modules/@vitest/runner/dist/chunk-hooks.js:1574:12)\n    at processTicksAndRejections (node:internal/process/task_queues:105:5)\n    at runSuite (file:///Users/umutcanoner/Documents/Github/zopio_test_fork/node_modules/.pnpm/@vitest+runner@3.2.4/node_modules/@vitest/runner/dist/chunk-hooks.js:1729:8)\n    at runSuite (file:///Users/umutcanoner/Documents/Github/zopio_test_fork/node_modules/.pnpm/@vitest+runner@3.2.4/node_modules/@vitest/runner/dist/chunk-hooks.js:1729:8)"
          ],
          "location": { "line": 413, "column": 5 },
          "meta": {}
        },
        {
          "ancestorTitles": [
            "DSL Rule Evaluation Engine",
            "complex nested operations"
          ],
          "fullName": "DSL Rule Evaluation Engine complex nested operations should handle and within or",
          "status": "passed",
          "title": "should handle and within or",
          "duration": 0.04537499999997863,
          "failureMessages": [],
          "location": { "line": 436, "column": 5 },
          "meta": {}
        },
        {
          "ancestorTitles": [
            "DSL Rule Evaluation Engine",
            "complex nested operations"
          ],
          "fullName": "DSL Rule Evaluation Engine complex nested operations should handle or within and",
          "status": "passed",
          "title": "should handle or within and",
          "duration": 0.05304200000000492,
          "failureMessages": [],
          "location": { "line": 454, "column": 5 },
          "meta": {}
        },
        {
          "ancestorTitles": [
            "DSL Rule Evaluation Engine",
            "complex nested operations"
          ],
          "fullName": "DSL Rule Evaluation Engine complex nested operations should handle deep nesting",
          "status": "passed",
          "title": "should handle deep nesting",
          "duration": 0.03745799999998667,
          "failureMessages": [],
          "location": { "line": 472, "column": 5 },
          "meta": {}
        },
        {
          "ancestorTitles": [
            "DSL Rule Evaluation Engine",
            "complex nested operations"
          ],
          "fullName": "DSL Rule Evaluation Engine complex nested operations should handle multiple levels of the same operation",
          "status": "passed",
          "title": "should handle multiple levels of the same operation",
          "duration": 0.03554199999999241,
          "failureMessages": [],
          "location": { "line": 500, "column": 5 },
          "meta": {}
        },
        {
          "ancestorTitles": ["DSL Rule Evaluation Engine", "path resolution"],
          "fullName": "DSL Rule Evaluation Engine path resolution should correctly resolve context paths",
          "status": "passed",
          "title": "should correctly resolve context paths",
          "duration": 0.04737499999998818,
          "failureMessages": [],
          "location": { "line": 531, "column": 5 },
          "meta": {}
        },
        {
          "ancestorTitles": ["DSL Rule Evaluation Engine", "path resolution"],
          "fullName": "DSL Rule Evaluation Engine path resolution should correctly resolve record paths",
          "status": "passed",
          "title": "should correctly resolve record paths",
          "duration": 0.03170800000000895,
          "failureMessages": [],
          "location": { "line": 541, "column": 5 },
          "meta": {}
        },
        {
          "ancestorTitles": ["DSL Rule Evaluation Engine", "path resolution"],
          "fullName": "DSL Rule Evaluation Engine path resolution should handle paths with dots in property names",
          "status": "passed",
          "title": "should handle paths with dots in property names",
          "duration": 0.056874999999990905,
          "failureMessages": [],
          "location": { "line": 551, "column": 5 },
          "meta": {}
        },
        {
          "ancestorTitles": ["DSL Rule Evaluation Engine", "path resolution"],
          "fullName": "DSL Rule Evaluation Engine path resolution should handle invalid path prefixes",
          "status": "passed",
          "title": "should handle invalid path prefixes",
          "duration": 0.03550000000001319,
          "failureMessages": [],
          "location": { "line": 571, "column": 5 },
          "meta": {}
        },
        {
          "ancestorTitles": ["DSL Rule Evaluation Engine", "path resolution"],
          "fullName": "DSL Rule Evaluation Engine path resolution should handle paths without prefixes",
          "status": "passed",
          "title": "should handle paths without prefixes",
          "duration": 0.03195800000000304,
          "failureMessages": [],
          "location": { "line": 581, "column": 5 },
          "meta": {}
        },
        {
          "ancestorTitles": [
            "DSL Rule Evaluation Engine",
            "data type handling"
          ],
          "fullName": "DSL Rule Evaluation Engine data type handling should handle string comparisons",
          "status": "passed",
          "title": "should handle string comparisons",
          "duration": 0.030082999999990534,
          "failureMessages": [],
          "location": { "line": 599, "column": 5 },
          "meta": {}
        },
        {
          "ancestorTitles": [
            "DSL Rule Evaluation Engine",
            "data type handling"
          ],
          "fullName": "DSL Rule Evaluation Engine data type handling should handle number comparisons",
          "status": "passed",
          "title": "should handle number comparisons",
          "duration": 0.035291999999998325,
          "failureMessages": [],
          "location": { "line": 609, "column": 5 },
          "meta": {}
        },
        {
          "ancestorTitles": [
            "DSL Rule Evaluation Engine",
            "data type handling"
          ],
          "fullName": "DSL Rule Evaluation Engine data type handling should handle boolean comparisons",
          "status": "passed",
          "title": "should handle boolean comparisons",
          "duration": 0.04679199999998218,
          "failureMessages": [],
          "location": { "line": 620, "column": 5 },
          "meta": {}
        },
        {
          "ancestorTitles": [
            "DSL Rule Evaluation Engine",
            "data type handling"
          ],
          "fullName": "DSL Rule Evaluation Engine data type handling should handle mixed type comparisons",
          "status": "passed",
          "title": "should handle mixed type comparisons",
          "duration": 0.030708000000004176,
          "failureMessages": [],
          "location": { "line": 631, "column": 5 },
          "meta": {}
        },
        {
          "ancestorTitles": [
            "DSL Rule Evaluation Engine",
            "data type handling"
          ],
          "fullName": "DSL Rule Evaluation Engine data type handling should handle null values",
          "status": "passed",
          "title": "should handle null values",
          "duration": 0.036457999999981894,
          "failureMessages": [],
          "location": { "line": 641, "column": 5 },
          "meta": {}
        },
        {
          "ancestorTitles": [
            "DSL Rule Evaluation Engine",
            "data type handling"
          ],
          "fullName": "DSL Rule Evaluation Engine data type handling should handle undefined vs null comparison",
          "status": "passed",
          "title": "should handle undefined vs null comparison",
          "duration": 0.047458000000005995,
          "failureMessages": [],
          "location": { "line": 654, "column": 5 },
          "meta": {}
        },
        {
          "ancestorTitles": ["DSL Rule Evaluation Engine", "edge cases"],
          "fullName": "DSL Rule Evaluation Engine edge cases should handle empty context",
          "status": "passed",
          "title": "should handle empty context",
          "duration": 0.031458999999983916,
          "failureMessages": [],
          "location": { "line": 674, "column": 5 },
          "meta": {}
        },
        {
          "ancestorTitles": ["DSL Rule Evaluation Engine", "edge cases"],
          "fullName": "DSL Rule Evaluation Engine edge cases should handle empty record",
          "status": "passed",
          "title": "should handle empty record",
          "duration": 0.04154199999999264,
          "failureMessages": [],
          "location": { "line": 684, "column": 5 },
          "meta": {}
        },
        {
          "ancestorTitles": ["DSL Rule Evaluation Engine", "edge cases"],
          "fullName": "DSL Rule Evaluation Engine edge cases should handle null context",
          "status": "failed",
          "title": "should handle null context",
          "duration": 0.37162499999999454,
          "failureMessages": [
            "TypeError: Cannot read properties of null (reading 'userId')\n    at get (/Users/umutcanoner/Documents/Github/zopio_test_fork/packages/auth-rbac/engine/evaluate-dsl.ts:21:14)\n    at evaluateDsl (/Users/umutcanoner/Documents/Github/zopio_test_fork/packages/auth-rbac/engine/evaluate-dsl.ts:32:12)\n    at /Users/umutcanoner/Documents/Github/zopio_test_fork/packages/auth-rbac/__tests__/evaluate-dsl.test.ts:699:22\n    at file:///Users/umutcanoner/Documents/Github/zopio_test_fork/node_modules/.pnpm/@vitest+runner@3.2.4/node_modules/@vitest/runner/dist/chunk-hooks.js:155:11\n    at file:///Users/umutcanoner/Documents/Github/zopio_test_fork/node_modules/.pnpm/@vitest+runner@3.2.4/node_modules/@vitest/runner/dist/chunk-hooks.js:752:26\n    at file:///Users/umutcanoner/Documents/Github/zopio_test_fork/node_modules/.pnpm/@vitest+runner@3.2.4/node_modules/@vitest/runner/dist/chunk-hooks.js:1897:20\n    at new Promise (<anonymous>)\n    at runWithTimeout (file:///Users/umutcanoner/Documents/Github/zopio_test_fork/node_modules/.pnpm/@vitest+runner@3.2.4/node_modules/@vitest/runner/dist/chunk-hooks.js:1863:10)\n    at runTest (file:///Users/umutcanoner/Documents/Github/zopio_test_fork/node_modules/.pnpm/@vitest+runner@3.2.4/node_modules/@vitest/runner/dist/chunk-hooks.js:1574:12)\n    at processTicksAndRejections (node:internal/process/task_queues:105:5)"
          ],
          "location": { "line": 694, "column": 5 },
          "meta": {}
        },
        {
          "ancestorTitles": ["DSL Rule Evaluation Engine", "edge cases"],
          "fullName": "DSL Rule Evaluation Engine edge cases should handle rule with no matching operation",
          "status": "passed",
          "title": "should handle rule with no matching operation",
          "duration": 0.04120800000001168,
          "failureMessages": [],
          "location": { "line": 704, "column": 5 },
          "meta": {}
        },
        {
          "ancestorTitles": ["DSL Rule Evaluation Engine", "edge cases"],
          "fullName": "DSL Rule Evaluation Engine edge cases should handle malformed equals operation",
          "status": "failed",
          "title": "should handle malformed equals operation",
          "duration": 0.147625000000005,
          "failureMessages": [
            "TypeError: Cannot read properties of undefined (reading 'startsWith')\n    at get (/Users/umutcanoner/Documents/Github/zopio_test_fork/packages/auth-rbac/engine/evaluate-dsl.ts:20:14)\n    at evaluateDsl (/Users/umutcanoner/Documents/Github/zopio_test_fork/packages/auth-rbac/engine/evaluate-dsl.ts:32:23)\n    at /Users/umutcanoner/Documents/Github/zopio_test_fork/packages/auth-rbac/__tests__/evaluate-dsl.test.ts:715:22\n    at file:///Users/umutcanoner/Documents/Github/zopio_test_fork/node_modules/.pnpm/@vitest+runner@3.2.4/node_modules/@vitest/runner/dist/chunk-hooks.js:155:11\n    at file:///Users/umutcanoner/Documents/Github/zopio_test_fork/node_modules/.pnpm/@vitest+runner@3.2.4/node_modules/@vitest/runner/dist/chunk-hooks.js:752:26\n    at file:///Users/umutcanoner/Documents/Github/zopio_test_fork/node_modules/.pnpm/@vitest+runner@3.2.4/node_modules/@vitest/runner/dist/chunk-hooks.js:1897:20\n    at new Promise (<anonymous>)\n    at runWithTimeout (file:///Users/umutcanoner/Documents/Github/zopio_test_fork/node_modules/.pnpm/@vitest+runner@3.2.4/node_modules/@vitest/runner/dist/chunk-hooks.js:1863:10)\n    at runTest (file:///Users/umutcanoner/Documents/Github/zopio_test_fork/node_modules/.pnpm/@vitest+runner@3.2.4/node_modules/@vitest/runner/dist/chunk-hooks.js:1574:12)\n    at processTicksAndRejections (node:internal/process/task_queues:105:5)"
          ],
          "location": { "line": 712, "column": 5 },
          "meta": {}
        },
        {
          "ancestorTitles": ["DSL Rule Evaluation Engine", "edge cases"],
          "fullName": "DSL Rule Evaluation Engine edge cases should handle equals with non-array value",
          "status": "failed",
          "title": "should handle equals with non-array value",
          "duration": 0.2250840000000096,
          "failureMessages": [
            "AssertionError: expected true to be false // Object.is equality\n    at /Users/umutcanoner/Documents/Github/zopio_test_fork/packages/auth-rbac/__tests__/evaluate-dsl.test.ts:725:22\n    at file:///Users/umutcanoner/Documents/Github/zopio_test_fork/node_modules/.pnpm/@vitest+runner@3.2.4/node_modules/@vitest/runner/dist/chunk-hooks.js:155:11\n    at file:///Users/umutcanoner/Documents/Github/zopio_test_fork/node_modules/.pnpm/@vitest+runner@3.2.4/node_modules/@vitest/runner/dist/chunk-hooks.js:752:26\n    at file:///Users/umutcanoner/Documents/Github/zopio_test_fork/node_modules/.pnpm/@vitest+runner@3.2.4/node_modules/@vitest/runner/dist/chunk-hooks.js:1897:20\n    at new Promise (<anonymous>)\n    at runWithTimeout (file:///Users/umutcanoner/Documents/Github/zopio_test_fork/node_modules/.pnpm/@vitest+runner@3.2.4/node_modules/@vitest/runner/dist/chunk-hooks.js:1863:10)\n    at runTest (file:///Users/umutcanoner/Documents/Github/zopio_test_fork/node_modules/.pnpm/@vitest+runner@3.2.4/node_modules/@vitest/runner/dist/chunk-hooks.js:1574:12)\n    at processTicksAndRejections (node:internal/process/task_queues:105:5)\n    at runSuite (file:///Users/umutcanoner/Documents/Github/zopio_test_fork/node_modules/.pnpm/@vitest+runner@3.2.4/node_modules/@vitest/runner/dist/chunk-hooks.js:1729:8)\n    at runSuite (file:///Users/umutcanoner/Documents/Github/zopio_test_fork/node_modules/.pnpm/@vitest+runner@3.2.4/node_modules/@vitest/runner/dist/chunk-hooks.js:1729:8)"
          ],
          "location": { "line": 720, "column": 5 },
          "meta": {}
        },
        {
          "ancestorTitles": [
            "DSL Rule Evaluation Engine",
            "performance scenarios"
          ],
          "fullName": "DSL Rule Evaluation Engine performance scenarios should handle large nested structures efficiently",
          "status": "passed",
          "title": "should handle large nested structures efficiently",
          "duration": 0.17616700000002083,
          "failureMessages": [],
          "location": { "line": 736, "column": 5 },
          "meta": {}
        },
        {
          "ancestorTitles": [
            "DSL Rule Evaluation Engine",
            "performance scenarios"
          ],
          "fullName": "DSL Rule Evaluation Engine performance scenarios should handle wide or operations efficiently",
          "status": "passed",
          "title": "should handle wide or operations efficiently",
          "duration": 0.6407920000000047,
          "failureMessages": [],
          "location": { "line": 757, "column": 5 },
          "meta": {}
        },
        {
          "ancestorTitles": [
            "DSL Rule Evaluation Engine",
            "performance scenarios"
          ],
          "fullName": "DSL Rule Evaluation Engine performance scenarios should handle wide and operations efficiently",
          "status": "passed",
          "title": "should handle wide and operations efficiently",
          "duration": 0.5072920000000067,
          "failureMessages": [],
          "location": { "line": 776, "column": 5 },
          "meta": {}
        }
      ],
      "startTime": 1754311517934,
      "endTime": 1754311517941.6409,
      "status": "failed",
      "message": "",
      "name": "/Users/umutcanoner/Documents/Github/zopio_test_fork/packages/auth-rbac/__tests__/evaluate-dsl.test.ts"
    },
    {
      "assertionResults": [],
      "startTime": 1754311517657,
      "endTime": 1754311517657,
      "status": "failed",
      "message": "Cannot find module './evaluate-dsl'\nRequire stack:\n- /Users/umutcanoner/Documents/Github/zopio_test_fork/packages/auth-rbac/engine/evaluate.js",
      "name": "/Users/umutcanoner/Documents/Github/zopio_test_fork/packages/auth-rbac/__tests__/evaluate.test.ts"
    },
    {
      "assertionResults": [],
      "startTime": 1754311517657,
      "endTime": 1754311517657,
      "status": "failed",
      "message": "Cannot find module './evaluate-dsl'\nRequire stack:\n- /Users/umutcanoner/Documents/Github/zopio_test_fork/packages/auth-rbac/engine/evaluate.js",
      "name": "/Users/umutcanoner/Documents/Github/zopio_test_fork/packages/auth-rbac/__tests__/evaluation.bench.test.ts"
    },
    {
      "assertionResults": [],
      "startTime": 1754311517657,
      "endTime": 1754311517657,
      "status": "failed",
      "message": "Cannot find module './evaluate-dsl'\nRequire stack:\n- /Users/umutcanoner/Documents/Github/zopio_test_fork/packages/auth-rbac/engine/evaluate.js",
      "name": "/Users/umutcanoner/Documents/Github/zopio_test_fork/packages/auth-rbac/__tests__/performance.test.ts"
    },
    {
      "assertionResults": [],
      "startTime": 1754311517657,
      "endTime": 1754311517657,
      "status": "failed",
      "message": "Cannot find module './evaluate-dsl'\nRequire stack:\n- /Users/umutcanoner/Documents/Github/zopio_test_fork/packages/auth-rbac/engine/evaluate.js",
      "name": "/Users/umutcanoner/Documents/Github/zopio_test_fork/packages/auth-rbac/__tests__/rbac-engine.bench.test.ts"
    },
    {
      "assertionResults": [],
      "startTime": 1754311517657,
      "endTime": 1754311517657,
      "status": "failed",
      "message": "Cannot find module './evaluate-dsl'\nRequire stack:\n- /Users/umutcanoner/Documents/Github/zopio_test_fork/packages/auth-rbac/engine/evaluate.js",
      "name": "/Users/umutcanoner/Documents/Github/zopio_test_fork/packages/auth-rbac/__tests__/role-inheritance.test.ts"
    },
    {
      "assertionResults": [],
      "startTime": 1754311517657,
      "endTime": 1754311517657,
      "status": "failed",
      "message": "Cannot find module './evaluate-dsl'\nRequire stack:\n- /Users/umutcanoner/Documents/Github/zopio_test_fork/packages/auth-rbac/engine/evaluate.js",
      "name": "/Users/umutcanoner/Documents/Github/zopio_test_fork/packages/auth-rbac/__tests__/security-vulnerabilities.test.ts"
    },
    {
      "assertionResults": [],
      "startTime": 1754311517657,
      "endTime": 1754311517657,
      "status": "failed",
      "message": "Cannot find package '@testing-library/react' imported from '/Users/umutcanoner/Documents/Github/zopio_test_fork/packages/auth-rbac/__tests__/use-access.test.tsx'",
      "name": "/Users/umutcanoner/Documents/Github/zopio_test_fork/packages/auth-rbac/__tests__/use-access.test.tsx"
    }
  ]
}
